<?xml version="1.0" encoding="UTF-8"?>
<!-- Generated by org.testng.reporters.JUnitReportReporter -->
<testsuite skipped="0" hostname="TYSS-4F-023" name="com.tyss.sampletests.GitSampleTwo" tests="1" failures="0" timestamp="19 Jun 2018 05:44:58 GMT" time="0.016" errors="0">
  <testcase name="editUser" time="0.016" classname="com.tyss.sampletests.GitSampleTwo"/>
</testsuite> <!-- com.tyss.sampletests.GitSampleTwo -->
